current directory: /Users/fumiro_yoshihara/Desktop/rails/1st_week/.bundle/ruby/2.5.0/gems/nokogiri-1.8.4/ext/nokogiri
/Users/fumiro_yoshihara/.rbenv/versions/2.5.0/bin/ruby -r ./siteconf20180802-48556-ntnx12.rb extconf.rb
checking if the C compiler accepts ... yes
checking if the C compiler accepts -Wno-error=unused-command-line-argument-hard-error-in-future... no
Building nokogiri using packaged libraries.
*** extconf.rb failed ***
Could not create Makefile due to some reason, probably lack of necessary
libraries and/or headers.  Check the mkmf.log file for more details.  You may
need configuration options.

Provided configuration options:
	--with-opt-dir
	--without-opt-dir
	--with-opt-include
	--without-opt-include=${opt-dir}/include
	--with-opt-lib
	--without-opt-lib=${opt-dir}/lib
	--with-make-prog
	--without-make-prog
	--srcdir=.
	--curdir
	--ruby=/Users/fumiro_yoshihara/.rbenv/versions/2.5.0/bin/$(RUBY_BASE_NAME)
	--help
	--clean
	--use-system-libraries
/Users/fumiro_yoshihara/.rbenv/versions/2.5.0/lib/ruby/gems/2.5.0/gems/bundler-1.16.3/lib/bundler/rubygems_integration.rb:408:in `block (2 levels) in replace_gem': mini_portile2 is not part of the bundle. Add it to your Gemfile. (Gem::LoadError)
	from extconf.rb:463:in `<main>'

To see why this extension failed to compile, please check the mkmf.log which can be found here:

  /Users/fumiro_yoshihara/Desktop/rails/1st_week/.bundle/ruby/2.5.0/extensions/x86_64-darwin-17/2.5.0-static/nokogiri-1.8.4/mkmf.log

extconf failed, exit code 1
