"clang -o conftest -I/Users/fumiro_yoshihara/.rbenv/versions/2.5.0/include/ruby-2.5.0/x86_64-darwin17 -I/Users/fumiro_yoshihara/.rbenv/versions/2.5.0/include/ruby-2.5.0/ruby/backward -I/Users/fumiro_yoshihara/.rbenv/versions/2.5.0/include/ruby-2.5.0 -I. -I/Users/fumiro_yoshihara/.rbenv/versions/2.5.0/include  -D_XOPEN_SOURCE -D_DARWIN_C_SOURCE -D_DARWIN_UNLIMITED_SELECT -D_REENTRANT    -O3 -Wno-error=shorten-64-to-32  -pipe  conftest.c  -L. -L/Users/fumiro_yoshihara/.rbenv/versions/2.5.0/lib -L. -L/Users/fumiro_yoshihara/.rbenv/versions/2.5.0/lib  -fstack-protector -L/usr/local/lib     -lruby.2.5.0-static -framework Foundation  -lpthread -ldl -lobjc  "
checked program was:
/* begin */
1: #include "ruby.h"
2: 
3: int main(int argc, char **argv)
4: {
5:   return 0;
6: }
/* end */

"clang -I/Users/fumiro_yoshihara/.rbenv/versions/2.5.0/include/ruby-2.5.0/x86_64-darwin17 -I/Users/fumiro_yoshihara/.rbenv/versions/2.5.0/include/ruby-2.5.0/ruby/backward -I/Users/fumiro_yoshihara/.rbenv/versions/2.5.0/include/ruby-2.5.0 -I. -I/Users/fumiro_yoshihara/.rbenv/versions/2.5.0/include  -D_XOPEN_SOURCE -D_DARWIN_C_SOURCE -D_DARWIN_UNLIMITED_SELECT -D_REENTRANT    -O3 -Wno-error=shorten-64-to-32  -pipe    -Werror -c conftest.c"
checked program was:
/* begin */
1: #include "ruby.h"
2: 
3: int main() {return 0;}
/* end */

"clang -I/Users/fumiro_yoshihara/.rbenv/versions/2.5.0/include/ruby-2.5.0/x86_64-darwin17 -I/Users/fumiro_yoshihara/.rbenv/versions/2.5.0/include/ruby-2.5.0/ruby/backward -I/Users/fumiro_yoshihara/.rbenv/versions/2.5.0/include/ruby-2.5.0 -I. -I/Users/fumiro_yoshihara/.rbenv/versions/2.5.0/include  -D_XOPEN_SOURCE -D_DARWIN_C_SOURCE -D_DARWIN_UNLIMITED_SELECT -D_REENTRANT    -O3 -Wno-error=shorten-64-to-32  -pipe  -Wno-error=unused-command-line-argument-hard-error-in-future   -Werror -c conftest.c"
error: unknown warning option '-Werror=unused-command-line-argument-hard-error-in-future'; did you mean '-Werror=unused-command-line-argument'? [-Werror,-Wunknown-warning-option]
checked program was:
/* begin */
1: #include "ruby.h"
2: 
3: int main() {return 0;}
/* end */

